{"name": "test_div_float_param[-0.8-0.4-2]", "status": "failed", "statusDetails": {"message": "AssertionError: assert -2.0 == 2\n +  where -2.0 = div(-0.8, 0.4)", "trace": "number1 = -0.8, number2 = 0.4, expectResult = 2\n\n    @pytest.mark.level_critial\n    @pytest.mark.parametrize(\"number1,number2,expectResult\", [\n        (1.0, 2.0, 0.5),\n        (1.2, 2, 0.6),\n        (10001.2, 4, 2500.3),\n        (10, 3, 3.33),\n        (-0.8, 0.4, 2)\n    ])\n    def test_div_float_param(number1, number2, expectResult):\n>       assert div(number1, number2) == expectResult\nE       assert -2.0 == 2\nE        +  where -2.0 = div(-0.8, 0.4)\n\ndemo01/test_div.py:46: AssertionError"}, "parameters": [{"name": "number1", "value": "-0.8"}, {"name": "number2", "value": "0.4"}, {"name": "expectResult", "value": "2"}], "start": 1586608681196, "stop": 1586608681197, "uuid": "14a353ac-42d5-4f83-8c81-30729dd21042", "historyId": "fa1ce137c0c019c6cf2f4c3f1f9a0110", "testCaseId": "17bfa798d98842eaf467f71ce297b02d", "fullName": "demo01.test_div#test_div_float_param", "labels": [{"name": "tag", "value": "level_critial"}, {"name": "parentSuite", "value": "demo01"}, {"name": "suite", "value": "test_div"}, {"name": "host", "value": "ubuntu"}, {"name": "thread", "value": "3790-MainThread"}, {"name": "framework", "value": "pytest"}, {"name": "language", "value": "cpython3"}, {"name": "package", "value": "demo01.test_div"}]}