{"name": "test_div_int_param[6-4-1.58]", "status": "failed", "statusDetails": {"message": "AssertionError: assert 1.5 == 1.58\n +  where 1.5 = div(6, 4)", "trace": "number1 = 6, number2 = 4, expectResult = 1.58\n\n    @pytest.mark.level_critial\n    @pytest.mark.parametrize(\"number1,number2,expectResult\", int_data)\n    def test_div_int_param(number1, number2, expectResult):\n>       assert div(number1, number2) == expectResult\nE       assert 1.5 == 1.58\nE        +  where 1.5 = div(6, 4)\n\ndemo01/test_div.py:34: AssertionError"}, "parameters": [{"name": "number1", "value": "6"}, {"name": "number2", "value": "4"}, {"name": "expectResult", "value": "1.58"}], "start": 1586608681132, "stop": 1586608681133, "uuid": "25b115d9-ab96-4cea-b7e6-3d65328d05e9", "historyId": "b28cc8440145ba02c67a83821487cfb9", "testCaseId": "d4b84f1a1b821a2b5ddc3679c3e94eb7", "fullName": "demo01.test_div#test_div_int_param", "labels": [{"name": "tag", "value": "level_critial"}, {"name": "parentSuite", "value": "demo01"}, {"name": "suite", "value": "test_div"}, {"name": "host", "value": "ubuntu"}, {"name": "thread", "value": "3790-MainThread"}, {"name": "framework", "value": "pytest"}, {"name": "language", "value": "cpython3"}, {"name": "package", "value": "demo01.test_div"}]}