{"name": "test_div_float_param[10-3-3.33]", "status": "failed", "statusDetails": {"message": "AssertionError: assert 3.3333333333333335 == 3.33\n +  where 3.3333333333333335 = div(10, 3)", "trace": "number1 = 10, number2 = 3, expectResult = 3.33\n\n    @pytest.mark.level_critial\n    @pytest.mark.parametrize(\"number1,number2,expectResult\", [\n        (1.0, 2.0, 0.5),\n        (1.2, 2, 0.6),\n        (10001.2, 4, 2500.3),\n        (10, 3, 3.33),\n        (-0.8, 0.4, 2)\n    ])\n    def test_div_float_param(number1, number2, expectResult):\n>       assert div(number1, number2) == expectResult\nE       assert 3.3333333333333335 == 3.33\nE        +  where 3.3333333333333335 = div(10, 3)\n\ndemo01/test_div.py:46: AssertionError"}, "parameters": [{"name": "number1", "value": "10"}, {"name": "number2", "value": "3"}, {"name": "expectResult", "value": "3.33"}], "start": 1586608681182, "stop": 1586608681183, "uuid": "04628efa-d162-41a0-a86e-6c292737ac3b", "historyId": "f62037cbdefd5594486470e68f6a27ab", "testCaseId": "17bfa798d98842eaf467f71ce297b02d", "fullName": "demo01.test_div#test_div_float_param", "labels": [{"name": "tag", "value": "level_critial"}, {"name": "parentSuite", "value": "demo01"}, {"name": "suite", "value": "test_div"}, {"name": "host", "value": "ubuntu"}, {"name": "thread", "value": "3790-MainThread"}, {"name": "framework", "value": "pytest"}, {"name": "language", "value": "cpython3"}, {"name": "package", "value": "demo01.test_div"}]}